2015-01-16 02:04:09,020 ERROR [LogCat output receiver for emulator-5554] - System.err - Exception in thread "LogCat output receiver for emulator-5554"
2015-01-16 02:04:09,028 ERROR [LogCat output receiver for emulator-5554] - System.err - org.eclipse.swt.SWTException: Invalid thread access
2015-01-16 02:04:09,028 ERROR [LogCat output receiver for emulator-5554] - System.err - at org.eclipse.swt.SWT.error(SWT.java:4441)
2015-01-16 02:04:09,028 ERROR [LogCat output receiver for emulator-5554] - System.err - at org.eclipse.swt.SWT.error(SWT.java:4356)
2015-01-16 02:04:09,028 ERROR [LogCat output receiver for emulator-5554] - System.err - at org.eclipse.swt.SWT.error(SWT.java:4327)
2015-01-16 02:04:09,029 ERROR [LogCat output receiver for emulator-5554] - System.err - at org.eclipse.swt.widgets.Display.error(Display.java:1083)
2015-01-16 02:04:09,029 ERROR [LogCat output receiver for emulator-5554] - System.err - at org.eclipse.swt.widgets.Display.createDisplay(Display.java:840)
2015-01-16 02:04:09,029 ERROR [LogCat output receiver for emulator-5554] - System.err - at org.eclipse.swt.widgets.Display.create(Display.java:823)
2015-01-16 02:04:09,029 ERROR [LogCat output receiver for emulator-5554] - System.err - at org.eclipse.swt.graphics.Device.<init>(Device.java:130)
2015-01-16 02:04:09,029 ERROR [LogCat output receiver for emulator-5554] - System.err - at org.eclipse.swt.widgets.Display.<init>(Display.java:714)
2015-01-16 02:04:09,029 ERROR [LogCat output receiver for emulator-5554] - System.err - at org.eclipse.swt.widgets.Display.<init>(Display.java:705)
2015-01-16 02:04:09,030 ERROR [LogCat output receiver for emulator-5554] - System.err - at org.eclipse.swt.widgets.Display.getDefault(Display.java:1403)
2015-01-16 02:04:09,030 ERROR [LogCat output receiver for emulator-5554] - System.err - at com.android.ddmuilib.logcat.LogCatPanel.refreshFiltersTable(LogCatPanel.java:1217)
2015-01-16 02:04:09,030 ERROR [LogCat output receiver for emulator-5554] - System.err - at com.android.ddmuilib.logcat.LogCatPanel.bufferChanged(LogCatPanel.java:1169)
2015-01-16 02:04:09,030 ERROR [LogCat output receiver for emulator-5554] - System.err - at com.android.ddmuilib.logcat.LogCatReceiver.sendLogChangedEvent(LogCatReceiver.java:140)
2015-01-16 02:04:09,030 ERROR [LogCat output receiver for emulator-5554] - System.err - at com.android.ddmuilib.logcat.LogCatReceiver.log(LogCatReceiver.java:107)
2015-01-16 02:04:09,031 ERROR [LogCat output receiver for emulator-5554] - System.err - at com.android.ddmlib.logcat.LogCatReceiverTask.notifyListeners(LogCatReceiverTask.java:129)
2015-01-16 02:04:09,031 ERROR [LogCat output receiver for emulator-5554] - System.err - at com.android.ddmlib.logcat.LogCatReceiverTask.access$300(LogCatReceiverTask.java:36)
2015-01-16 02:04:09,031 ERROR [LogCat output receiver for emulator-5554] - System.err - at com.android.ddmlib.logcat.LogCatReceiverTask$LogCatOutputReceiver.processLogLines(LogCatReceiverTask.java:114)
2015-01-16 02:04:09,031 ERROR [LogCat output receiver for emulator-5554] - System.err - at com.android.ddmlib.logcat.LogCatReceiverTask$LogCatOutputReceiver.processNewLines(LogCatReceiverTask.java:107)
2015-01-16 02:04:09,031 ERROR [LogCat output receiver for emulator-5554] - System.err - at com.android.ddmlib.MultiLineReceiver.addOutput(MultiLineReceiver.java:94)
2015-01-16 02:04:09,031 ERROR [LogCat output receiver for emulator-5554] - System.err - at com.android.ddmlib.AdbHelper.executeRemoteCommand(AdbHelper.java:441)
2015-01-16 02:04:09,031 ERROR [LogCat output receiver for emulator-5554] - System.err - at com.android.ddmlib.AdbHelper.executeRemoteCommand(AdbHelper.java:347)
2015-01-16 02:04:09,031 ERROR [LogCat output receiver for emulator-5554] - System.err - at com.android.ddmlib.Device.executeShellCommand(Device.java:619)
2015-01-16 02:04:09,031 ERROR [LogCat output receiver for emulator-5554] - System.err - at com.android.ddmlib.logcat.LogCatReceiverTask.run(LogCatReceiverTask.java:75)
2015-01-16 02:04:09,032 ERROR [LogCat output receiver for emulator-5554] - System.err - at java.lang.Thread.run(Thread.java:745)
2015-01-16 02:48:02,529 ERROR [LogCat output receiver for emulator-5554] - System.err - Exception in thread "LogCat output receiver for emulator-5554"
2015-01-16 02:48:02,534 ERROR [LogCat output receiver for emulator-5554] - System.err - org.eclipse.swt.SWTException: Invalid thread access
2015-01-16 02:48:02,535 ERROR [LogCat output receiver for emulator-5554] - System.err - at org.eclipse.swt.SWT.error(SWT.java:4441)
2015-01-16 02:48:02,535 ERROR [LogCat output receiver for emulator-5554] - System.err - at org.eclipse.swt.SWT.error(SWT.java:4356)
2015-01-16 02:48:02,535 ERROR [LogCat output receiver for emulator-5554] - System.err - at org.eclipse.swt.SWT.error(SWT.java:4327)
2015-01-16 02:48:02,535 ERROR [LogCat output receiver for emulator-5554] - System.err - at org.eclipse.swt.widgets.Display.error(Display.java:1083)
2015-01-16 02:48:02,535 ERROR [LogCat output receiver for emulator-5554] - System.err - at org.eclipse.swt.widgets.Display.createDisplay(Display.java:840)
2015-01-16 02:48:02,535 ERROR [LogCat output receiver for emulator-5554] - System.err - at org.eclipse.swt.widgets.Display.create(Display.java:823)
2015-01-16 02:48:02,535 ERROR [LogCat output receiver for emulator-5554] - System.err - at org.eclipse.swt.graphics.Device.<init>(Device.java:130)
2015-01-16 02:48:02,535 ERROR [LogCat output receiver for emulator-5554] - System.err - at org.eclipse.swt.widgets.Display.<init>(Display.java:714)
2015-01-16 02:48:02,535 ERROR [LogCat output receiver for emulator-5554] - System.err - at org.eclipse.swt.widgets.Display.<init>(Display.java:705)
2015-01-16 02:48:02,535 ERROR [LogCat output receiver for emulator-5554] - System.err - at org.eclipse.swt.widgets.Display.getDefault(Display.java:1403)
2015-01-16 02:48:02,535 ERROR [LogCat output receiver for emulator-5554] - System.err - at com.android.ddmuilib.logcat.LogCatPanel.refreshFiltersTable(LogCatPanel.java:1217)
2015-01-16 02:48:02,536 ERROR [LogCat output receiver for emulator-5554] - System.err - at com.android.ddmuilib.logcat.LogCatPanel.bufferChanged(LogCatPanel.java:1169)
2015-01-16 02:48:02,536 ERROR [LogCat output receiver for emulator-5554] - System.err - at com.android.ddmuilib.logcat.LogCatReceiver.sendLogChangedEvent(LogCatReceiver.java:140)
2015-01-16 02:48:02,536 ERROR [LogCat output receiver for emulator-5554] - System.err - at com.android.ddmuilib.logcat.LogCatReceiver.log(LogCatReceiver.java:107)
2015-01-16 02:48:02,536 ERROR [LogCat output receiver for emulator-5554] - System.err - at com.android.ddmlib.logcat.LogCatReceiverTask.notifyListeners(LogCatReceiverTask.java:129)
2015-01-16 02:48:02,536 ERROR [LogCat output receiver for emulator-5554] - System.err - at com.android.ddmlib.logcat.LogCatReceiverTask.access$300(LogCatReceiverTask.java:36)
2015-01-16 02:48:02,536 ERROR [LogCat output receiver for emulator-5554] - System.err - at com.android.ddmlib.logcat.LogCatReceiverTask$LogCatOutputReceiver.processLogLines(LogCatReceiverTask.java:114)
2015-01-16 02:48:02,536 ERROR [LogCat output receiver for emulator-5554] - System.err - at com.android.ddmlib.logcat.LogCatReceiverTask$LogCatOutputReceiver.processNewLines(LogCatReceiverTask.java:107)
2015-01-16 02:48:02,536 ERROR [LogCat output receiver for emulator-5554] - System.err - at com.android.ddmlib.MultiLineReceiver.addOutput(MultiLineReceiver.java:94)
2015-01-16 02:48:02,536 ERROR [LogCat output receiver for emulator-5554] - System.err - at com.android.ddmlib.AdbHelper.executeRemoteCommand(AdbHelper.java:441)
2015-01-16 02:48:02,536 ERROR [LogCat output receiver for emulator-5554] - System.err - at com.android.ddmlib.AdbHelper.executeRemoteCommand(AdbHelper.java:347)
2015-01-16 02:48:02,536 ERROR [LogCat output receiver for emulator-5554] - System.err - at com.android.ddmlib.Device.executeShellCommand(Device.java:619)
2015-01-16 02:48:02,536 ERROR [LogCat output receiver for emulator-5554] - System.err - at com.android.ddmlib.logcat.LogCatReceiverTask.run(LogCatReceiverTask.java:75)
2015-01-16 02:48:02,536 ERROR [LogCat output receiver for emulator-5554] - System.err - at java.lang.Thread.run(Thread.java:745)
2015-02-02 21:28:45,069 ERROR [Thread-13] - System.err - java.net.UnknownHostException: tools.google.com
2015-02-02 21:28:45,072 ERROR [Thread-13] - System.err - at java.net.AbstractPlainSocketImpl.connect(AbstractPlainSocketImpl.java:184)
2015-02-02 21:28:45,072 ERROR [Thread-13] - System.err - at java.net.SocksSocketImpl.connect(SocksSocketImpl.java:392)
2015-02-02 21:28:45,072 ERROR [Thread-13] - System.err - at java.net.Socket.connect(Socket.java:589)
2015-02-02 21:28:45,073 ERROR [Thread-13] - System.err - at java.net.Socket.connect(Socket.java:538)
2015-02-02 21:28:45,073 ERROR [Thread-13] - System.err - at sun.net.NetworkClient.doConnect(NetworkClient.java:180)
2015-02-02 21:28:45,073 ERROR [Thread-13] - System.err - at sun.net.www.http.HttpClient.openServer(HttpClient.java:432)
2015-02-02 21:28:45,073 ERROR [Thread-13] - System.err - at sun.net.www.http.HttpClient.openServer(HttpClient.java:527)
2015-02-02 21:28:45,073 ERROR [Thread-13] - System.err - at sun.net.www.http.HttpClient.<init>(HttpClient.java:211)
2015-02-02 21:28:45,073 ERROR [Thread-13] - System.err - at sun.net.www.http.HttpClient.New(HttpClient.java:308)
2015-02-02 21:28:45,073 ERROR [Thread-13] - System.err - at sun.net.www.http.HttpClient.New(HttpClient.java:326)
2015-02-02 21:28:45,073 ERROR [Thread-13] - System.err - at sun.net.www.protocol.http.HttpURLConnection.getNewHttpClient(HttpURLConnection.java:1167)
2015-02-02 21:28:45,073 ERROR [Thread-13] - System.err - at sun.net.www.protocol.http.HttpURLConnection.plainConnect0(HttpURLConnection.java:1103)
2015-02-02 21:28:45,073 ERROR [Thread-13] - System.err - at sun.net.www.protocol.http.HttpURLConnection.plainConnect(HttpURLConnection.java:997)
2015-02-02 21:28:45,073 ERROR [Thread-13] - System.err - at sun.net.www.protocol.http.HttpURLConnection.connect(HttpURLConnection.java:931)
2015-02-02 21:28:45,073 ERROR [Thread-13] - System.err - at sun.net.www.protocol.http.HttpURLConnection.getInputStream0(HttpURLConnection.java:1511)
2015-02-02 21:28:45,073 ERROR [Thread-13] - System.err - at sun.net.www.protocol.http.HttpURLConnection.getInputStream(HttpURLConnection.java:1439)
2015-02-02 21:28:45,073 ERROR [Thread-13] - System.err - at java.net.HttpURLConnection.getResponseCode(HttpURLConnection.java:480)
2015-02-02 21:28:45,073 ERROR [Thread-13] - System.err - at com.android.sdkstats.SdkStatsService.actuallySendPing(SdkStatsService.java:249)
2015-02-02 21:28:45,074 ERROR [Thread-13] - System.err - at com.android.sdkstats.SdkStatsService.access$100(SdkStatsService.java:36)
2015-02-02 21:28:45,074 ERROR [Thread-13] - System.err - at com.android.sdkstats.SdkStatsService$2.run(SdkStatsService.java:222)
2015-02-02 21:28:45,074 ERROR [Thread-12] - System.err - java.net.UnknownHostException: tools.google.com
2015-02-02 21:28:45,075 ERROR [Thread-12] - System.err - at java.net.AbstractPlainSocketImpl.connect(AbstractPlainSocketImpl.java:184)
2015-02-02 21:28:45,075 ERROR [Thread-12] - System.err - at java.net.SocksSocketImpl.connect(SocksSocketImpl.java:392)
2015-02-02 21:28:45,075 ERROR [Thread-12] - System.err - at java.net.Socket.connect(Socket.java:589)
2015-02-02 21:28:45,075 ERROR [Thread-12] - System.err - at java.net.Socket.connect(Socket.java:538)
2015-02-02 21:28:45,076 ERROR [Thread-12] - System.err - at sun.net.NetworkClient.doConnect(NetworkClient.java:180)
2015-02-02 21:28:45,076 ERROR [Thread-12] - System.err - at sun.net.www.http.HttpClient.openServer(HttpClient.java:432)
2015-02-02 21:28:45,076 ERROR [Thread-12] - System.err - at sun.net.www.http.HttpClient.openServer(HttpClient.java:527)
2015-02-02 21:28:45,076 ERROR [Thread-12] - System.err - at sun.net.www.http.HttpClient.<init>(HttpClient.java:211)
2015-02-02 21:28:45,076 ERROR [Thread-12] - System.err - at sun.net.www.http.HttpClient.New(HttpClient.java:308)
2015-02-02 21:28:45,076 ERROR [Thread-12] - System.err - at sun.net.www.http.HttpClient.New(HttpClient.java:326)
2015-02-02 21:28:45,076 ERROR [Thread-12] - System.err - at sun.net.www.protocol.http.HttpURLConnection.getNewHttpClient(HttpURLConnection.java:1167)
2015-02-02 21:28:45,076 ERROR [Thread-12] - System.err - at sun.net.www.protocol.http.HttpURLConnection.plainConnect0(HttpURLConnection.java:1103)
2015-02-02 21:28:45,076 ERROR [Thread-12] - System.err - at sun.net.www.protocol.http.HttpURLConnection.plainConnect(HttpURLConnection.java:997)
2015-02-02 21:28:45,076 ERROR [Thread-12] - System.err - at sun.net.www.protocol.http.HttpURLConnection.connect(HttpURLConnection.java:931)
2015-02-02 21:28:45,076 ERROR [Thread-12] - System.err - at sun.net.www.protocol.http.HttpURLConnection.getInputStream0(HttpURLConnection.java:1511)
2015-02-02 21:28:45,076 ERROR [Thread-12] - System.err - at sun.net.www.protocol.http.HttpURLConnection.getInputStream(HttpURLConnection.java:1439)
2015-02-02 21:28:45,076 ERROR [Thread-12] - System.err - at java.net.HttpURLConnection.getResponseCode(HttpURLConnection.java:480)
2015-02-02 21:28:45,076 ERROR [Thread-12] - System.err - at com.android.sdkstats.SdkStatsService.actuallySendPing(SdkStatsService.java:249)
2015-02-02 21:28:45,077 ERROR [Thread-12] - System.err - at com.android.sdkstats.SdkStatsService.access$100(SdkStatsService.java:36)
2015-02-02 21:28:45,077 ERROR [Thread-12] - System.err - at com.android.sdkstats.SdkStatsService$2.run(SdkStatsService.java:222)
